compute-0-7.local.6057ipath_userinit: Mismatched user minor version (12) and driver minor version (11) while context sharing. Ensure that driver and library are from the same release.
compute-0-6.local.18187ipath_userinit: Mismatched user minor version (12) and driver minor version (11) while context sharing. Ensure that driver and library are from the same release.
compute-0-7.local.6075ipath_userinit: Mismatched user minor version (12) and driver minor version (11) while context sharing. Ensure that driver and library are from the same release.
compute-0-5.local.19642ipath_userinit: Mismatched user minor version (12) and driver minor version (11) while context sharing. Ensure that driver and library are from the same release.
compute-0-5.local.19646ipath_userinit: Mismatched user minor version (12) and driver minor version (11) while context sharing. Ensure that driver and library are from the same release.
compute-0-6.local.18186ipath_userinit: Mismatched user minor version (12) and driver minor version (11) while context sharing. Ensure that driver and library are from the same release.
compute-0-6.local.18207ipath_userinit: Mismatched user minor version (12) and driver minor version (11) while context sharing. Ensure that driver and library are from the same release.
compute-0-7.local.6074ipath_userinit: Mismatched user minor version (12) and driver minor version (11) while context sharing. Ensure that driver and library are from the same release.
compute-0-5.local.19650ipath_userinit: Mismatched user minor version (12) and driver minor version (11) while context sharing. Ensure that driver and library are from the same release.
compute-0-5.local.19652ipath_userinit: Mismatched user minor version (12) and driver minor version (11) while context sharing. Ensure that driver and library are from the same release.
compute-0-6.local.18204ipath_userinit: Mismatched user minor version (12) and driver minor version (11) while context sharing. Ensure that driver and library are from the same release.
compute-0-7.local.6055ipath_userinit: Mismatched user minor version (12) and driver minor version (11) while context sharing. Ensure that driver and library are from the same release.
compute-0-7.local.6078ipath_userinit: Mismatched user minor version (12) and driver minor version (11) while context sharing. Ensure that driver and library are from the same release.
compute-0-7.local.6059ipath_userinit: Mismatched user minor version (12) and driver minor version (11) while context sharing. Ensure that driver and library are from the same release.
compute-0-6.local.18190ipath_userinit: Mismatched user minor version (12) and driver minor version (11) while context sharing. Ensure that driver and library are from the same release.
compute-0-5.local.19662ipath_userinit: Mismatched user minor version (12) and driver minor version (11) while context sharing. Ensure that driver and library are from the same release.
compute-0-5.local.19658ipath_userinit: Mismatched user minor version (12) and driver minor version (11) while context sharing. Ensure that driver and library are from the same release.
compute-0-7.local.6056ipath_userinit: Mismatched user minor version (12) and driver minor version (11) while context sharing. Ensure that driver and library are from the same release.
compute-0-6.local.18197ipath_userinit: Mismatched user minor version (12) and driver minor version (11) while context sharing. Ensure that driver and library are from the same release.
compute-0-7.local.6081ipath_userinit: Mismatched user minor version (12) and driver minor version (11) while context sharing. Ensure that driver and library are from the same release.
compute-0-7.local.6070ipath_userinit: Mismatched user minor version (12) and driver minor version (11) while context sharing. Ensure that driver and library are from the same release.
compute-0-5.local.19665ipath_userinit: Mismatched user minor version (12) and driver minor version (11) while context sharing. Ensure that driver and library are from the same release.
compute-0-6.local.18189ipath_userinit: Mismatched user minor version (12) and driver minor version (11) while context sharing. Ensure that driver and library are from the same release.
compute-0-7.local.6080ipath_userinit: Mismatched user minor version (12) and driver minor version (11) while context sharing. Ensure that driver and library are from the same release.
compute-0-6.local.18188ipath_userinit: Mismatched user minor version (12) and driver minor version (11) while context sharing. Ensure that driver and library are from the same release.
compute-0-5.local.19641ipath_userinit: Mismatched user minor version (12) and driver minor version (11) while context sharing. Ensure that driver and library are from the same release.
compute-0-6.local.18192ipath_userinit: Mismatched user minor version (12) and driver minor version (11) while context sharing. Ensure that driver and library are from the same release.
compute-0-7.local.6085ipath_userinit: Mismatched user minor version (12) and driver minor version (11) while context sharing. Ensure that driver and library are from the same release.
compute-0-5.local.19640ipath_userinit: Mismatched user minor version (12) and driver minor version (11) while context sharing. Ensure that driver and library are from the same release.
compute-0-6.local.18185ipath_userinit: Mismatched user minor version (12) and driver minor version (11) while context sharing. Ensure that driver and library are from the same release.
compute-0-7.local.6079ipath_userinit: Mismatched user minor version (12) and driver minor version (11) while context sharing. Ensure that driver and library are from the same release.
compute-0-6.local.18208ipath_userinit: Mismatched user minor version (12) and driver minor version (11) while context sharing. Ensure that driver and library are from the same release.
compute-0-7.local.6060ipath_userinit: Mismatched user minor version (12) and driver minor version (11) while context sharing. Ensure that driver and library are from the same release.
compute-0-6.local.18212ipath_userinit: Mismatched user minor version (12) and driver minor version (11) while context sharing. Ensure that driver and library are from the same release.
compute-0-5.local.19649ipath_userinit: Mismatched user minor version (12) and driver minor version (11) while context sharing. Ensure that driver and library are from the same release.
compute-0-6.local.18205ipath_userinit: Mismatched user minor version (12) and driver minor version (11) while context sharing. Ensure that driver and library are from the same release.
compute-0-6.local.18195ipath_userinit: Mismatched user minor version (12) and driver minor version (11) while context sharing. Ensure that driver and library are from the same release.
compute-0-7.local.6058ipath_userinit: Mismatched user minor version (12) and driver minor version (11) while context sharing. Ensure that driver and library are from the same release.
compute-0-6.local.18193ipath_userinit: Mismatched user minor version (12) and driver minor version (11) while context sharing. Ensure that driver and library are from the same release.
compute-0-7.local.6083ipath_userinit: Mismatched user minor version (12) and driver minor version (11) while context sharing. Ensure that driver and library are from the same release.
compute-0-5.local.19667ipath_userinit: Mismatched user minor version (12) and driver minor version (11) while context sharing. Ensure that driver and library are from the same release.
compute-0-5.local.19648ipath_userinit: Mismatched user minor version (12) and driver minor version (11) while context sharing. Ensure that driver and library are from the same release.
compute-0-5.local.19656ipath_userinit: Mismatched user minor version (12) and driver minor version (11) while context sharing. Ensure that driver and library are from the same release.
compute-0-7.local.6062ipath_userinit: Mismatched user minor version (12) and driver minor version (11) while context sharing. Ensure that driver and library are from the same release.
compute-0-7.local.6067ipath_userinit: Mismatched user minor version (12) and driver minor version (11) while context sharing. Ensure that driver and library are from the same release.
compute-0-6.local.18213ipath_userinit: Mismatched user minor version (12) and driver minor version (11) while context sharing. Ensure that driver and library are from the same release.
compute-0-5.local.19651ipath_userinit: Mismatched user minor version (12) and driver minor version (11) while context sharing. Ensure that driver and library are from the same release.
compute-0-5.local.19664ipath_userinit: Mismatched user minor version (12) and driver minor version (11) while context sharing. Ensure that driver and library are from the same release.
compute-0-7.local.6064ipath_userinit: Mismatched user minor version (12) and driver minor version (11) while context sharing. Ensure that driver and library are from the same release.
compute-0-6.local.18214ipath_userinit: Mismatched user minor version (12) and driver minor version (11) while context sharing. Ensure that driver and library are from the same release.
compute-0-7.local.6077ipath_userinit: Mismatched user minor version (12) and driver minor version (11) while context sharing. Ensure that driver and library are from the same release.
compute-0-6.local.18199ipath_userinit: Mismatched user minor version (12) and driver minor version (11) while context sharing. Ensure that driver and library are from the same release.
compute-0-7.local.6068ipath_userinit: Mismatched user minor version (12) and driver minor version (11) while context sharing. Ensure that driver and library are from the same release.
compute-0-5.local.19643ipath_userinit: Mismatched user minor version (12) and driver minor version (11) while context sharing. Ensure that driver and library are from the same release.
compute-0-7.local.6061ipath_userinit: Mismatched user minor version (12) and driver minor version (11) while context sharing. Ensure that driver and library are from the same release.
compute-0-7.local.6066ipath_userinit: Mismatched user minor version (12) and driver minor version (11) while context sharing. Ensure that driver and library are from the same release.
compute-0-6.local.18215ipath_userinit: Mismatched user minor version (12) and driver minor version (11) while context sharing. Ensure that driver and library are from the same release.
compute-0-5.local.19654ipath_userinit: Mismatched user minor version (12) and driver minor version (11) while context sharing. Ensure that driver and library are from the same release.
compute-0-5.local.19666ipath_userinit: Mismatched user minor version (12) and driver minor version (11) while context sharing. Ensure that driver and library are from the same release.
compute-0-5.local.19645ipath_userinit: Mismatched user minor version (12) and driver minor version (11) while context sharing. Ensure that driver and library are from the same release.
compute-0-5.local.19655ipath_userinit: Mismatched user minor version (12) and driver minor version (11) while context sharing. Ensure that driver and library are from the same release.
compute-0-5.local.19663ipath_userinit: Mismatched user minor version (12) and driver minor version (11) while context sharing. Ensure that driver and library are from the same release.
compute-0-5.local.19659ipath_userinit: Mismatched user minor version (12) and driver minor version (11) while context sharing. Ensure that driver and library are from the same release.
compute-0-5.local.19657ipath_userinit: Mismatched user minor version (12) and driver minor version (11) while context sharing. Ensure that driver and library are from the same release.
compute-0-5.local.19644ipath_userinit: Mismatched user minor version (12) and driver minor version (11) while context sharing. Ensure that driver and library are from the same release.
compute-0-7.local.6069ipath_userinit: Mismatched user minor version (12) and driver minor version (11) while context sharing. Ensure that driver and library are from the same release.
compute-0-6.local.18200ipath_userinit: Mismatched user minor version (12) and driver minor version (11) while context sharing. Ensure that driver and library are from the same release.
compute-0-7.local.6072ipath_userinit: Mismatched user minor version (12) and driver minor version (11) while context sharing. Ensure that driver and library are from the same release.
compute-0-7.local.6076ipath_userinit: Mismatched user minor version (12) and driver minor version (11) while context sharing. Ensure that driver and library are from the same release.
compute-0-7.local.6063ipath_userinit: Mismatched user minor version (12) and driver minor version (11) while context sharing. Ensure that driver and library are from the same release.
compute-0-7.local.6065ipath_userinit: Mismatched user minor version (12) and driver minor version (11) while context sharing. Ensure that driver and library are from the same release.
compute-0-7.local.6071ipath_userinit: Mismatched user minor version (12) and driver minor version (11) while context sharing. Ensure that driver and library are from the same release.
compute-0-5.local.19660ipath_userinit: Mismatched user minor version (12) and driver minor version (11) while context sharing. Ensure that driver and library are from the same release.
compute-0-5.local.19668ipath_userinit: Mismatched user minor version (12) and driver minor version (11) while context sharing. Ensure that driver and library are from the same release.
compute-0-7.local.6084ipath_userinit: Mismatched user minor version (12) and driver minor version (11) while context sharing. Ensure that driver and library are from the same release.
compute-0-7.local.6073ipath_userinit: Mismatched user minor version (12) and driver minor version (11) while context sharing. Ensure that driver and library are from the same release.
compute-0-6.local.18196ipath_userinit: Mismatched user minor version (12) and driver minor version (11) while context sharing. Ensure that driver and library are from the same release.
compute-0-6.local.18206ipath_userinit: Mismatched user minor version (12) and driver minor version (11) while context sharing. Ensure that driver and library are from the same release.
compute-0-6.local.18198ipath_userinit: Mismatched user minor version (12) and driver minor version (11) while context sharing. Ensure that driver and library are from the same release.
compute-0-6.local.18194ipath_userinit: Mismatched user minor version (12) and driver minor version (11) while context sharing. Ensure that driver and library are from the same release.
compute-0-6.local.18202ipath_userinit: Mismatched user minor version (12) and driver minor version (11) while context sharing. Ensure that driver and library are from the same release.
compute-0-6.local.18210ipath_userinit: Mismatched user minor version (12) and driver minor version (11) while context sharing. Ensure that driver and library are from the same release.
compute-0-6.local.18201ipath_userinit: Mismatched user minor version (12) and driver minor version (11) while context sharing. Ensure that driver and library are from the same release.
compute-0-6.local.18203ipath_userinit: Mismatched user minor version (12) and driver minor version (11) while context sharing. Ensure that driver and library are from the same release.
compute-0-5.local.19653ipath_userinit: Mismatched user minor version (12) and driver minor version (11) while context sharing. Ensure that driver and library are from the same release.
compute-0-5.local.19661ipath_userinit: Mismatched user minor version (12) and driver minor version (11) while context sharing. Ensure that driver and library are from the same release.
compute-0-6.local.18211ipath_userinit: Mismatched user minor version (12) and driver minor version (11) while context sharing. Ensure that driver and library are from the same release.
compute-0-6.local.18191ipath_userinit: Mismatched user minor version (12) and driver minor version (11) while context sharing. Ensure that driver and library are from the same release.
The no. of nodes in the x direction=350
The no. of nodes in the x direction=350
The no. of nodes in the x direction=350
The no. of nodes in the x direction=350
The no. of nodes in the x direction=350
The no. of nodes in the x direction=350
The no. of nodes in the x direction=350
The no. of nodes in the x direction=350
The no. of nodes in the x direction=350
The no. of nodes in the x direction=350
The no. of nodes in the x direction=350
The no. of nodes in the x direction=350
The no. of nodes in the x direction=350
The no. of nodes in the x direction=350
The no. of nodes in the x direction=350
The no. of nodes in the x direction=350
The no. of nodes in the x direction=350
The no. of nodes in the x direction=350
The no. of nodes in the x direction=350
The no. of nodes in the x direction=350
The no. of nodes in the x direction=350
The no. of nodes in the x direction=350
The no. of nodes in the x direction=350
The no. of nodes in the x direction=350
The no. of nodes in the x direction=350
The no. of nodes in the x direction=350
The no. of nodes in the x direction=350
The no. of nodes in the x direction=350
The no. of nodes in the x direction=350
The no. of nodes in the x direction=350
The no. of nodes in the x direction=350
The no. of nodes in the x direction=350
The no. of nodes in the x direction=350
The no. of nodes in the x direction=350
The no. of nodes in the x direction=350
The no. of nodes in the x direction=350
The no. of nodes in the x direction=350
The no. of nodes in the x direction=350
The no. of nodes in the x direction=350
The no. of nodes in the x direction=350
The no. of nodes in the x direction=350
The no. of nodes in the x direction=350
The no. of nodes in the x direction=350
The no. of nodes in the x direction=350
The no. of nodes in the x direction=350
The no. of nodes in the x direction=350
The no. of nodes in the x direction=350
The no. of nodes in the x direction=350
The no. of nodes in the x direction=350
The no. of nodes in the x direction=350
The no. of nodes in the x direction=350
The no. of nodes in the x direction=350
The no. of nodes in the x direction=350
The no. of nodes in the x direction=350
The no. of nodes in the x direction=350
The no. of nodes in the x direction=350
The no. of nodes in the x direction=350
The no. of nodes in the x direction=350
The no. of nodes in the x direction=350
The no. of nodes in the x direction=350
The no. of nodes in the x direction=350
The no. of nodes in the x direction=350
The no. of nodes in the x direction=350
The no. of nodes in the x direction=350
The no. of nodes in the x direction=350
The no. of nodes in the x direction=350
The no. of nodes in the x direction=350
The no. of nodes in the x direction=350
The no. of nodes in the x direction=350
The no. of nodes in the x direction=350
The no. of nodes in the x direction=350
The no. of nodes in the x direction=350
The no. of nodes in the x direction=350
The no. of nodes in the x direction=350
The no. of nodes in the x direction=350
The no. of nodes in the x direction=350
The no. of nodes in the x direction=350
The no. of nodes in the x direction=350
The no. of nodes in the x direction=350
The no. of nodes in the x direction=350
The no. of nodes in the x direction=350
The no. of nodes in the x direction=350
The no. of nodes in the x direction=350
The no. of nodes in the x direction=350
The no. of nodes in the x direction=350
The no. of nodes in the x direction=350
The no. of nodes in the x direction=350
The no. of nodes in the x direction=350
The no. of nodes in the x direction=350
The no. of nodes in the x direction=350
The no. of nodes in the x direction=350
The task id of the master is=91
the no. of workers=91
The value of epsilon for this current simulation=16.000000
The D_S matrix is
0.000000 0.000000 0.000000 
0.000000 0.000000 0.000000 
0.000000 0.000000 0.000000 
The D_L matrix is
0.500000 0.000000 0.000000 
0.000000 0.800000 0.000000 
0.000000 0.000000 1.000000 
The total no. of time steps the simulation is going to run is =800000
The no. of nodes in the x direction=350
The d_c_d_mu_L matrix is
0.003190 -0.000029 -0.000630 
-0.000029 0.009115 -0.001811 
-0.000630 -0.001811 0.158130 
The value of tau for this current simulation=0.094110
The code starts from zero
read:loc_left=1132 val_left=0.592107
read:loc_right=1133 val_right=0.402376
min_number.rows=153	extra.rows=11
min_number.cols=50	extra.cols=0
at=0	source=91
Sent to= 0 offset_x= 0 offset_y= 0 number_rows= 154 number_columns=50 neighbour_left= 6 neighbour_right= 1 neighbour_up =7 neighbour_below =84
Sent to= 1 offset_x= 50 offset_y= 0 number_rows= 154 number_columns=50 neighbour_left= 0 neighbour_right= 2 neighbour_up =8 neighbour_below =85
at=1	source=91
Sent to= 2 offset_x= 100 offset_y= 0 number_rows= 154 number_columns=50 neighbour_left= 1 neighbour_right= 3 neighbour_up =9 neighbour_below =86
at=2	source=91
at=3	source=91
Sent to= 3 offset_x= 150 offset_y= 0 number_rows= 154 number_columns=50 neighbour_left= 2 neighbour_right= 4 neighbour_up =10 neighbour_below =87
Sent to= 4 offset_x= 200 offset_y= 0 number_rows= 154 number_columns=50 neighbour_left= 3 neighbour_right= 5 neighbour_up =11 neighbour_below =88
at=4	source=91
Sent to= 5 offset_x= 250 offset_y= 0 number_rows= 154 number_columns=50 neighbour_left= 4 neighbour_right= 6 neighbour_up =12 neighbour_below =89
at=5	source=91
at=6	source=91
Sent to= 6 offset_x= 300 offset_y= 0 number_rows= 154 number_columns=50 neighbour_left= 5 neighbour_right= 0 neighbour_up =13 neighbour_below =90
Sent to= 7 offset_x= 0 offset_y= 154 number_rows= 154 number_columns=50 neighbour_left= 13 neighbour_right= 8 neighbour_up =14 neighbour_below =0
at=7	source=91
at=8	source=91
Sent to= 8 offset_x= 50 offset_y= 154 number_rows= 154 number_columns=50 neighbour_left= 7 neighbour_right= 9 neighbour_up =15 neighbour_below =1
at=9	source=91
Sent to= 9 offset_x= 100 offset_y= 154 number_rows= 154 number_columns=50 neighbour_left= 8 neighbour_right= 10 neighbour_up =16 neighbour_below =2
Sent to= 10 offset_x= 150 offset_y= 154 number_rows= 154 number_columns=50 neighbour_left= 9 neighbour_right= 11 neighbour_up =17 neighbour_below =3
at=10	source=91
at=11	source=91
Sent to= 11 offset_x= 200 offset_y= 154 number_rows= 154 number_columns=50 neighbour_left= 10 neighbour_right= 12 neighbour_up =18 neighbour_below =4
at=12	source=91
Sent to= 12 offset_x= 250 offset_y= 154 number_rows= 154 number_columns=50 neighbour_left= 11 neighbour_right= 13 neighbour_up =19 neighbour_below =5
Sent to= 13 offset_x= 300 offset_y= 154 number_rows= 154 number_columns=50 neighbour_left= 12 neighbour_right= 7 neighbour_up =20 neighbour_below =6
at=13	source=91
at=14	source=91
Sent to= 14 offset_x= 0 offset_y= 308 number_rows= 154 number_columns=50 neighbour_left= 20 neighbour_right= 15 neighbour_up =21 neighbour_below =7
at=15	source=91
Sent to= 15 offset_x= 50 offset_y= 308 number_rows= 154 number_columns=50 neighbour_left= 14 neighbour_right= 16 neighbour_up =22 neighbour_below =8
Sent to= 16 offset_x= 100 offset_y= 308 number_rows= 154 number_columns=50 neighbour_left= 15 neighbour_right= 17 neighbour_up =23 neighbour_below =9
at=16	source=91
at=17	source=91
Sent to= 17 offset_x= 150 offset_y= 308 number_rows= 154 number_columns=50 neighbour_left= 16 neighbour_right= 18 neighbour_up =24 neighbour_below =10
at=18	source=91
Sent to= 18 offset_x= 200 offset_y= 308 number_rows= 154 number_columns=50 neighbour_left= 17 neighbour_right= 19 neighbour_up =25 neighbour_below =11
Sent to= 19 offset_x= 250 offset_y= 308 number_rows= 154 number_columns=50 neighbour_left= 18 neighbour_right= 20 neighbour_up =26 neighbour_below =12
at=19	source=91
Sent to= 20 offset_x= 300 offset_y= 308 number_rows= 154 number_columns=50 neighbour_left= 19 neighbour_right= 14 neighbour_up =27 neighbour_below =13
at=20	source=91
at=21	source=91
Sent to= 21 offset_x= 0 offset_y= 462 number_rows= 154 number_columns=50 neighbour_left= 27 neighbour_right= 22 neighbour_up =28 neighbour_below =14
Sent to= 22 offset_x= 50 offset_y= 462 number_rows= 154 number_columns=50 neighbour_left= 21 neighbour_right= 23 neighbour_up =29 neighbour_below =15
at=22	source=91
at=23	source=91
Sent to= 23 offset_x= 100 offset_y= 462 number_rows= 154 number_columns=50 neighbour_left= 22 neighbour_right= 24 neighbour_up =30 neighbour_below =16
at=24	source=91
Sent to= 24 offset_x= 150 offset_y= 462 number_rows= 154 number_columns=50 neighbour_left= 23 neighbour_right= 25 neighbour_up =31 neighbour_below =17
Sent to= 25 offset_x= 200 offset_y= 462 number_rows= 154 number_columns=50 neighbour_left= 24 neighbour_right= 26 neighbour_up =32 neighbour_below =18
at=25	source=91
at=26	source=91
Sent to= 26 offset_x= 250 offset_y= 462 number_rows= 154 number_columns=50 neighbour_left= 25 neighbour_right= 27 neighbour_up =33 neighbour_below =19
at=27	source=91
Sent to= 27 offset_x= 300 offset_y= 462 number_rows= 154 number_columns=50 neighbour_left= 26 neighbour_right= 21 neighbour_up =34 neighbour_below =20
Sent to= 28 offset_x= 0 offset_y= 616 number_rows= 154 number_columns=50 neighbour_left= 34 neighbour_right= 29 neighbour_up =35 neighbour_below =21
at=28	source=91
at=29	source=91
Sent to= 29 offset_x= 50 offset_y= 616 number_rows= 154 number_columns=50 neighbour_left= 28 neighbour_right= 30 neighbour_up =36 neighbour_below =22
at=30	source=91
Sent to= 30 offset_x= 100 offset_y= 616 number_rows= 154 number_columns=50 neighbour_left= 29 neighbour_right= 31 neighbour_up =37 neighbour_below =23
Sent to= 31 offset_x= 150 offset_y= 616 number_rows= 154 number_columns=50 neighbour_left= 30 neighbour_right= 32 neighbour_up =38 neighbour_below =24
at=31	source=91
at=32	source=91
Sent to= 32 offset_x= 200 offset_y= 616 number_rows= 154 number_columns=50 neighbour_left= 31 neighbour_right= 33 neighbour_up =39 neighbour_below =25
at=33	source=91
Sent to= 33 offset_x= 250 offset_y= 616 number_rows= 154 number_columns=50 neighbour_left= 32 neighbour_right= 34 neighbour_up =40 neighbour_below =26
Sent to= 34 offset_x= 300 offset_y= 616 number_rows= 154 number_columns=50 neighbour_left= 33 neighbour_right= 28 neighbour_up =41 neighbour_below =27
at=34	source=91
at=35	source=91
Sent to= 35 offset_x= 0 offset_y= 770 number_rows= 154 number_columns=50 neighbour_left= 41 neighbour_right= 36 neighbour_up =42 neighbour_below =28
at=36	source=91
Sent to= 36 offset_x= 50 offset_y= 770 number_rows= 154 number_columns=50 neighbour_left= 35 neighbour_right= 37 neighbour_up =43 neighbour_below =29
Sent to= 37 offset_x= 100 offset_y= 770 number_rows= 154 number_columns=50 neighbour_left= 36 neighbour_right= 38 neighbour_up =44 neighbour_below =30
at=37	source=91
Sent to= 38 offset_x= 150 offset_y= 770 number_rows= 154 number_columns=50 neighbour_left= 37 neighbour_right= 39 neighbour_up =45 neighbour_below =31
at=38	source=91
at=39	source=91
Sent to= 39 offset_x= 200 offset_y= 770 number_rows= 154 number_columns=50 neighbour_left= 38 neighbour_right= 40 neighbour_up =46 neighbour_below =32
Sent to= 40 offset_x= 250 offset_y= 770 number_rows= 154 number_columns=50 neighbour_left= 39 neighbour_right= 41 neighbour_up =47 neighbour_below =33
at=40	source=91
Sent to= 41 offset_x= 300 offset_y= 770 number_rows= 154 number_columns=50 neighbour_left= 40 neighbour_right= 35 neighbour_up =48 neighbour_below =34
at=41	source=91
at=42	source=91
Sent to= 42 offset_x= 0 offset_y= 924 number_rows= 154 number_columns=50 neighbour_left= 48 neighbour_right= 43 neighbour_up =49 neighbour_below =35
Sent to= 43 offset_x= 50 offset_y= 924 number_rows= 154 number_columns=50 neighbour_left= 42 neighbour_right= 44 neighbour_up =50 neighbour_below =36
at=43	source=91
Sent to= 44 offset_x= 100 offset_y= 924 number_rows= 154 number_columns=50 neighbour_left= 43 neighbour_right= 45 neighbour_up =51 neighbour_below =37
at=44	source=91
at=45	source=91
Sent to= 45 offset_x= 150 offset_y= 924 number_rows= 154 number_columns=50 neighbour_left= 44 neighbour_right= 46 neighbour_up =52 neighbour_below =38
Sent to= 46 offset_x= 200 offset_y= 924 number_rows= 154 number_columns=50 neighbour_left= 45 neighbour_right= 47 neighbour_up =53 neighbour_below =39
at=46	source=91
at=47	source=91
Sent to= 47 offset_x= 250 offset_y= 924 number_rows= 154 number_columns=50 neighbour_left= 46 neighbour_right= 48 neighbour_up =54 neighbour_below =40
at=48	source=91
Sent to= 48 offset_x= 300 offset_y= 924 number_rows= 154 number_columns=50 neighbour_left= 47 neighbour_right= 42 neighbour_up =55 neighbour_below =41
Sent to= 49 offset_x= 0 offset_y= 1078 number_rows= 154 number_columns=50 neighbour_left= 55 neighbour_right= 50 neighbour_up =56 neighbour_below =42
at=49	source=91
at=50	source=91
Sent to= 50 offset_x= 50 offset_y= 1078 number_rows= 154 number_columns=50 neighbour_left= 49 neighbour_right= 51 neighbour_up =57 neighbour_below =43
at=51	source=91
Sent to= 51 offset_x= 100 offset_y= 1078 number_rows= 154 number_columns=50 neighbour_left= 50 neighbour_right= 52 neighbour_up =58 neighbour_below =44
Sent to= 52 offset_x= 150 offset_y= 1078 number_rows= 154 number_columns=50 neighbour_left= 51 neighbour_right= 53 neighbour_up =59 neighbour_below =45
at=52	source=91
Sent to= 53 offset_x= 200 offset_y= 1078 number_rows= 154 number_columns=50 neighbour_left= 52 neighbour_right= 54 neighbour_up =60 neighbour_below =46
at=53	source=91
at=54	source=91
Sent to= 54 offset_x= 250 offset_y= 1078 number_rows= 154 number_columns=50 neighbour_left= 53 neighbour_right= 55 neighbour_up =61 neighbour_below =47
Sent to= 55 offset_x= 300 offset_y= 1078 number_rows= 154 number_columns=50 neighbour_left= 54 neighbour_right= 49 neighbour_up =62 neighbour_below =48
at=55	source=91
at=56	source=91
Sent to= 56 offset_x= 0 offset_y= 1232 number_rows= 154 number_columns=50 neighbour_left= 62 neighbour_right= 57 neighbour_up =63 neighbour_below =49
at=57	source=91
Sent to= 57 offset_x= 50 offset_y= 1232 number_rows= 154 number_columns=50 neighbour_left= 56 neighbour_right= 58 neighbour_up =64 neighbour_below =50
Sent to= 58 offset_x= 100 offset_y= 1232 number_rows= 154 number_columns=50 neighbour_left= 57 neighbour_right= 59 neighbour_up =65 neighbour_below =51
at=58	source=91
at=59	source=91
Sent to= 59 offset_x= 150 offset_y= 1232 number_rows= 154 number_columns=50 neighbour_left= 58 neighbour_right= 60 neighbour_up =66 neighbour_below =52
at=60	source=91
Sent to= 60 offset_x= 200 offset_y= 1232 number_rows= 154 number_columns=50 neighbour_left= 59 neighbour_right= 61 neighbour_up =67 neighbour_below =53
Sent to= 61 offset_x= 250 offset_y= 1232 number_rows= 154 number_columns=50 neighbour_left= 60 neighbour_right= 62 neighbour_up =68 neighbour_below =54
at=61	source=91
at=62	source=91
Sent to= 62 offset_x= 300 offset_y= 1232 number_rows= 154 number_columns=50 neighbour_left= 61 neighbour_right= 56 neighbour_up =69 neighbour_below =55
at=63	source=91
Sent to= 63 offset_x= 0 offset_y= 1386 number_rows= 154 number_columns=50 neighbour_left= 69 neighbour_right= 64 neighbour_up =70 neighbour_below =56
Sent to= 64 offset_x= 50 offset_y= 1386 number_rows= 154 number_columns=50 neighbour_left= 63 neighbour_right= 65 neighbour_up =71 neighbour_below =57
at=64	source=91
Sent to= 65 offset_x= 100 offset_y= 1386 number_rows= 154 number_columns=50 neighbour_left= 64 neighbour_right= 66 neighbour_up =72 neighbour_below =58
at=65	source=91
at=66	source=91
Sent to= 66 offset_x= 150 offset_y= 1386 number_rows= 154 number_columns=50 neighbour_left= 65 neighbour_right= 67 neighbour_up =73 neighbour_below =59
Sent to= 67 offset_x= 200 offset_y= 1386 number_rows= 154 number_columns=50 neighbour_left= 66 neighbour_right= 68 neighbour_up =74 neighbour_below =60
at=67	source=91
Sent to= 68 offset_x= 250 offset_y= 1386 number_rows= 154 number_columns=50 neighbour_left= 67 neighbour_right= 69 neighbour_up =75 neighbour_below =61
at=68	source=91
at=69	source=91
Sent to= 69 offset_x= 300 offset_y= 1386 number_rows= 154 number_columns=50 neighbour_left= 68 neighbour_right= 63 neighbour_up =76 neighbour_below =62
Sent to= 70 offset_x= 0 offset_y= 1540 number_rows= 154 number_columns=50 neighbour_left= 76 neighbour_right= 71 neighbour_up =77 neighbour_below =63
at=70	source=91
Sent to= 71 offset_x= 50 offset_y= 1540 number_rows= 154 number_columns=50 neighbour_left= 70 neighbour_right= 72 neighbour_up =78 neighbour_below =64
at=71	source=91
at=72	source=91
Sent to= 72 offset_x= 100 offset_y= 1540 number_rows= 154 number_columns=50 neighbour_left= 71 neighbour_right= 73 neighbour_up =79 neighbour_below =65
Sent to= 73 offset_x= 150 offset_y= 1540 number_rows= 154 number_columns=50 neighbour_left= 72 neighbour_right= 74 neighbour_up =80 neighbour_below =66
at=73	source=91
Sent to= 74 offset_x= 200 offset_y= 1540 number_rows= 154 number_columns=50 neighbour_left= 73 neighbour_right= 75 neighbour_up =81 neighbour_below =67
at=74	source=91
at=75	source=91
Sent to= 75 offset_x= 250 offset_y= 1540 number_rows= 154 number_columns=50 neighbour_left= 74 neighbour_right= 76 neighbour_up =82 neighbour_below =68
Sent to= 76 offset_x= 300 offset_y= 1540 number_rows= 154 number_columns=50 neighbour_left= 75 neighbour_right= 70 neighbour_up =83 neighbour_below =69
at=76	source=91
at=77	source=91
Sent to= 77 offset_x= 0 offset_y= 1694 number_rows= 153 number_columns=50 neighbour_left= 83 neighbour_right= 78 neighbour_up =84 neighbour_below =70
at=78	source=91
Sent to= 78 offset_x= 50 offset_y= 1694 number_rows= 153 number_columns=50 neighbour_left= 77 neighbour_right= 79 neighbour_up =85 neighbour_below =71
Sent to= 79 offset_x= 100 offset_y= 1694 number_rows= 153 number_columns=50 neighbour_left= 78 neighbour_right= 80 neighbour_up =86 neighbour_below =72
at=79	source=91
at=80	source=91
Sent to= 80 offset_x= 150 offset_y= 1694 number_rows= 153 number_columns=50 neighbour_left= 79 neighbour_right= 81 neighbour_up =87 neighbour_below =73
at=81	source=91
Sent to= 81 offset_x= 200 offset_y= 1694 number_rows= 153 number_columns=50 neighbour_left= 80 neighbour_right= 82 neighbour_up =88 neighbour_below =74
Sent to= 82 offset_x= 250 offset_y= 1694 number_rows= 153 number_columns=50 neighbour_left= 81 neighbour_right= 83 neighbour_up =89 neighbour_below =75
at=82	source=91
at=83	source=91
Sent to= 83 offset_x= 300 offset_y= 1694 number_rows= 153 number_columns=50 neighbour_left= 82 neighbour_right= 77 neighbour_up =90 neighbour_below =76
at=84	source=91
Sent to= 84 offset_x= 0 offset_y= 1847 number_rows= 153 number_columns=50 neighbour_left= 90 neighbour_right= 85 neighbour_up =0 neighbour_below =77
Sent to= 85 offset_x= 50 offset_y= 1847 number_rows= 153 number_columns=50 neighbour_left= 84 neighbour_right= 86 neighbour_up =1 neighbour_below =78
at=85	source=91
Sent to= 86 offset_x= 100 offset_y= 1847 number_rows= 153 number_columns=50 neighbour_left= 85 neighbour_right= 87 neighbour_up =2 neighbour_below =79
at=86	source=91
at=87	source=91
Sent to= 87 offset_x= 150 offset_y= 1847 number_rows= 153 number_columns=50 neighbour_left= 86 neighbour_right= 88 neighbour_up =3 neighbour_below =80
Sent to= 88 offset_x= 200 offset_y= 1847 number_rows= 153 number_columns=50 neighbour_left= 87 neighbour_right= 89 neighbour_up =4 neighbour_below =81
at=88	source=91
at=89	source=91
Sent to= 89 offset_x= 250 offset_y= 1847 number_rows= 153 number_columns=50 neighbour_left= 88 neighbour_right= 90 neighbour_up =5 neighbour_below =82
at=90	source=91
Sent to= 90 offset_x= 300 offset_y= 1847 number_rows= 153 number_columns=50 neighbour_left= 89 neighbour_right= 84 neighbour_up =6 neighbour_below =83
File writing will commence at time=0.000000
File writing will commence at time=5000.000000
File writing will commence at time=10000.000000
File writing will commence at time=15000.000000
File writing will commence at time=20000.000000
File writing will commence at time=25000.000000
File writing will commence at time=30000.000000
File writing will commence at time=35000.000000
File writing will commence at time=40000.000000
File writing will commence at time=45000.000000
File writing will commence at time=50000.000000
File writing will commence at time=55000.000000
File writing will commence at time=60000.000000
File writing will commence at time=65000.000000
File writing will commence at time=70000.000000
File writing will commence at time=75000.000000
File writing will commence at time=80000.000000
File writing will commence at time=85000.000000
File writing will commence at time=90000.000000
File writing will commence at time=95000.000000
File writing will commence at time=100000.000000
File writing will commence at time=105000.000000
File writing will commence at time=110000.000000
File writing will commence at time=115000.000000
File writing will commence at time=120000.000000
File writing will commence at time=125000.000000
File writing will commence at time=130000.000000
File writing will commence at time=135000.000000
File writing will commence at time=140000.000000
File writing will commence at time=145000.000000
File writing will commence at time=150000.000000
File writing will commence at time=155000.000000
File writing will commence at time=160000.000000
File writing will commence at time=165000.000000
File writing will commence at time=170000.000000
File writing will commence at time=175000.000000
File writing will commence at time=180000.000000
File writing will commence at time=185000.000000
File writing will commence at time=190000.000000
File writing will commence at time=195000.000000
Exiting mpi by taskid=0
Exiting mpi by taskid=1
Exiting mpi by taskid=2
Exiting mpi by taskid=3
Exiting mpi by taskid=4
Exiting mpi by taskid=5
Exiting mpi by taskid=6
Exiting mpi by taskid=7
Exiting mpi by taskid=8
Exiting mpi by taskid=9
Exiting mpi by taskid=10
Exiting mpi by taskid=11
Exiting mpi by taskid=12
Exiting mpi by taskid=13
Exiting mpi by taskid=14
Exiting mpi by taskid=15
Exiting mpi by taskid=16
Exiting mpi by taskid=17
Exiting mpi by taskid=18
Exiting mpi by taskid=19
Exiting mpi by taskid=20
Exiting mpi by taskid=21
Exiting mpi by taskid=22
Exiting mpi by taskid=23
Exiting mpi by taskid=24
Exiting mpi by taskid=25
Exiting mpi by taskid=26
Exiting mpi by taskid=27
Exiting mpi by taskid=28
Exiting mpi by taskid=29
Exiting mpi by taskid=30
Exiting mpi by taskid=31
Exiting mpi by taskid=33
Exiting mpi by taskid=32
Exiting mpi by taskid=34
Exiting mpi by taskid=35
Exiting mpi by taskid=36
Exiting mpi by taskid=37
Exiting mpi by taskid=38
Exiting mpi by taskid=39
Exiting mpi by taskid=40
Exiting mpi by taskid=41
Exiting mpi by taskid=42
Exiting mpi by taskid=43
Exiting mpi by taskid=45
Exiting mpi by taskid=44
Exiting mpi by taskid=46
Exiting mpi by taskid=47
Exiting mpi by taskid=48
Exiting mpi by taskid=49
Exiting mpi by taskid=50
Exiting mpi by taskid=51
Exiting mpi by taskid=52
Exiting mpi by taskid=53
Exiting mpi by taskid=54
Exiting mpi by taskid=55
Exiting mpi by taskid=56
Exiting mpi by taskid=57
Exiting mpi by taskid=58
Exiting mpi by taskid=59
Exiting mpi by taskid=60
Exiting mpi by taskid=61
Exiting mpi by taskid=62
Exiting mpi by taskid=63
Exiting mpi by taskid=64
Exiting mpi by taskid=65
Exiting mpi by taskid=66
Exiting mpi by taskid=67
Exiting mpi by taskid=68
Exiting mpi by taskid=69
Exiting mpi by taskid=71
Exiting mpi by taskid=70
Exiting mpi by taskid=72
Exiting mpi by taskid=73
Exiting mpi by taskid=74
Exiting mpi by taskid=75
Exiting mpi by taskid=76
Exiting mpi by taskid=77
Exiting mpi by taskid=78
Exiting mpi by taskid=79
Exiting mpi by taskid=80
Exiting mpi by taskid=81
Exiting mpi by taskid=82
Exiting mpi by taskid=83
Exiting mpi by taskid=84
Exiting mpi by taskid=85
Exiting mpi by taskid=86
Exiting mpi by taskid=87
Exiting mpi by taskid=88
File writing will commence at time=200000.000000
Exiting mpi by taskid=89
Exiting mpi by taskid=90
Exiting mpi by taskid=91
